


ARM Macro Assembler    Page 1 


    1 00000000         ; Steps to initialize a GPIO
    2 00000000         ; 1.- Activate clock of the port in RCGCGPIO registers (
                       Page 340)
    3 00000000         ; - Wait for status bit to be true in PRGPIO
    4 00000000         ; 2.- Unlock Pin - Only needed for PD7
    5 00000000         ; 3.- Set direction of pin in DIR register (Page 663)
    6 00000000         ; 4.- Enable pin in DEN register (Page 682) 
    7 00000000         
    8 00000000         ; Writing/Read data : GPIODATA REGISTER (654)
    9 00000000         
   10 00000000 400FE608 
                       SYSCTL_RCGCGPIO_R
                               EQU              0x400FE608
   11 00000000 40025400 
                       GPIO_PORTF_DIR_R
                               EQU              0x40025400
   12 00000000 4002551C 
                       GPIO_PORTF_DEN_R
                               EQU              0x4002551C
   13 00000000 400253FC 
                       GPIO_PORTF_DATA_R
                               EQU              0X400253FC
   14 00000000         
   15 00000000                 AREA             |.text|,CODE,READONLY,ALIGN=2
   16 00000000                 THUMB
   17 00000000                 EXPORT           Main
   18 00000000         
   19 00000000         Main
   20 00000000 F000 F803       BL               GPIOF_Init
   21 00000004         
   22 00000004 F000 F80F 
                       loop    BL               LIGHT_ON
   23 00000008 E7FC            B                loop
   24 0000000A         
   25 0000000A         GPIOF_Init
   26 0000000A 4909            LDR              R1,=SYSCTL_RCGCGPIO_R
   27 0000000C 6808            LDR              R0,[R1]
   28 0000000E F040 0020       ORR              R0,R0,#0x20
   29 00000012 6008            STR              R0,[R1]
   30 00000014         
   31 00000014         
   32 00000014 4907            LDR              R1,=GPIO_PORTF_DIR_R
   33 00000016 F04F 0002       MOV              R0,#0x02    ; 0B 0000 0010
   34 0000001A 6008            STR              R0,[R1]
   35 0000001C         
   36 0000001C 4906            LDR              R1,=GPIO_PORTF_DEN_R
   37 0000001E F04F 0002       MOV              R0,#0x02
   38 00000022 6008            STR              R0,[R1]
   39 00000024 4770            BX               LR
   40 00000026         
   41 00000026         LIGHT_ON
   42 00000026 4905            LDR              R1,=GPIO_PORTF_DATA_R
   43 00000028 F04F 0002       MOV              R0,#0x02
   44 0000002C 6008            STR              R0,[R1]
   45 0000002E 4770            BX               LR
   46 00000030         
   47 00000030                 ALIGN
   48 00000030                 END
              400FE608 



ARM Macro Assembler    Page 2 


              40025400 
              4002551C 
              400253FC 
Command Line: --debug --xref --diag_suppress=9931 --cpu=Cortex-M4.fp --apcs=int
erwork --depend=.\objects\main.d -o.\objects\main.o -I"C:\Users\TOSHIBA SATELLI
TE\Documents\Curso tiva-c\Proyectos\Red_On\RTE" -I"C:\Users\TOSHIBA SATELLITE\A
ppData\Local\Arm\Packs\ARM\CMSIS\5.7.0\CMSIS\Core\Include" -I"C:\Users\TOSHIBA 
SATELLITE\AppData\Local\Arm\Packs\Keil\TM4C_DFP\1.1.0\Device\Include\TM4C123" -
-predefine="__EVAL SETA 1" --predefine="__UVISION_VERSION SETA 521" --predefine
="_RTE_ SETA 1" --predefine="TM4C1230H6PM SETA 1" --list=.\listings\main.lst ma
in.s



ARM Macro Assembler    Page 1 Alphabetic symbol ordering
Relocatable symbols

.text 00000000

Symbol: .text
   Definitions
      At line 15 in file main.s
   Uses
      None
Comment: .text unused
GPIOF_Init 0000000A

Symbol: GPIOF_Init
   Definitions
      At line 25 in file main.s
   Uses
      At line 20 in file main.s
Comment: GPIOF_Init used once
LIGHT_ON 00000026

Symbol: LIGHT_ON
   Definitions
      At line 41 in file main.s
   Uses
      At line 22 in file main.s
Comment: LIGHT_ON used once
Main 00000000

Symbol: Main
   Definitions
      At line 19 in file main.s
   Uses
      At line 17 in file main.s
Comment: Main used once
loop 00000004

Symbol: loop
   Definitions
      At line 22 in file main.s
   Uses
      At line 23 in file main.s
Comment: loop used once
5 symbols



ARM Macro Assembler    Page 1 Alphabetic symbol ordering
Absolute symbols

GPIO_PORTF_DATA_R 400253FC

Symbol: GPIO_PORTF_DATA_R
   Definitions
      At line 13 in file main.s
   Uses
      At line 42 in file main.s
Comment: GPIO_PORTF_DATA_R used once
GPIO_PORTF_DEN_R 4002551C

Symbol: GPIO_PORTF_DEN_R
   Definitions
      At line 12 in file main.s
   Uses
      At line 36 in file main.s
Comment: GPIO_PORTF_DEN_R used once
GPIO_PORTF_DIR_R 40025400

Symbol: GPIO_PORTF_DIR_R
   Definitions
      At line 11 in file main.s
   Uses
      At line 32 in file main.s
Comment: GPIO_PORTF_DIR_R used once
SYSCTL_RCGCGPIO_R 400FE608

Symbol: SYSCTL_RCGCGPIO_R
   Definitions
      At line 10 in file main.s
   Uses
      At line 26 in file main.s
Comment: SYSCTL_RCGCGPIO_R used once
4 symbols
346 symbols in table
